[0;34m[2025-12-05 13:02:34][0m 重启 DataInsight AI...
[0;34m[2025-12-05 13:02:34][0m 开始停止 DataInsight AI...
[1;33m[WARNING][0m 前端 服务未运行 (PID文件不存在)
[1;33m[WARNING][0m 后端 服务未运行 (PID文件不存在)
[0;32m[SUCCESS][0m DataInsight AI 已停止
[0;34m[2025-12-05 13:02:36][0m 开始启动 DataInsight AI...
[0;34m[2025-12-05 13:02:36][0m 启动后端服务...
[0;31m[ERROR][0m 端口 8000 已被占用，后端服务启动失败
[0;31m[ERROR][0m 后端服务启动失败，停止启动流程
[0;34m[2025-12-05 13:08:47][0m 开始启动 DataInsight AI...
[0;34m[2025-12-05 13:08:47][0m 启动后端服务...
[0;31m[ERROR][0m 端口 8000 已被占用，后端服务启动失败
[0;31m[ERROR][0m 后端服务启动失败，停止启动流程
[0;34m[2025-12-05 13:08:57][0m 开始停止 DataInsight AI...
[1;33m[WARNING][0m 前端 服务未运行 (PID文件不存在)
[1;33m[WARNING][0m 后端 服务未运行 (PID文件不存在)
[0;32m[SUCCESS][0m DataInsight AI 已停止
[0;34m[2025-12-05 13:09:03][0m 开始启动 DataInsight AI...
[0;34m[2025-12-05 13:09:03][0m 启动后端服务...
[0;31m[ERROR][0m 端口 8000 已被占用，后端服务启动失败
[0;31m[ERROR][0m 后端服务启动失败，停止启动流程
[0;34m[2025-12-05 13:36:00][0m 开始停止 DataInsight AI...
[1;33m[WARNING][0m 前端 服务未运行 (PID文件不存在)
[1;33m[WARNING][0m 后端 服务未运行 (PID文件不存在)
[0;32m[SUCCESS][0m DataInsight AI 已停止
[0;34m[2025-12-05 13:38:00][0m 开始停止 DataInsight AI...
[1;33m[WARNING][0m 前端 服务未运行，清理无效的PID文件
[1;33m[WARNING][0m 后端 服务未运行，清理无效的PID文件
[0;32m[SUCCESS][0m DataInsight AI 已停止
[0;34m[2025-12-05 13:41:18][0m 开始停止 DataInsight AI...
[1;33m[WARNING][0m 前端 服务未运行 (PID文件不存在)
[1;33m[WARNING][0m 后端 服务未运行 (PID文件不存在)
[0;32m[SUCCESS][0m DataInsight AI 已停止
[0;34m[2025-12-05 13:43:05][0m 开始启动 DataInsight AI...
[0;34m[2025-12-05 13:43:05][0m 启动后端服务...
[0;32m[SUCCESS][0m 后端服务启动成功 (PID: 31630, 端口: 8000)
[0;34m[2025-12-05 13:43:08][0m 启动前端服务...
[0;31m[ERROR][0m 端口 5173 已被占用，前端服务启动失败
[0;31m[ERROR][0m 前端服务启动失败，停止后端服务
[0;34m[2025-12-05 13:43:08][0m 停止 后端 服务 (PID: 31630)...
[0;32m[SUCCESS][0m 后端 服务已停止
