[0;34m[2025-12-05 13:02:34][0m 重启 DataInsight AI...
[0;34m[2025-12-05 13:02:34][0m 开始停止 DataInsight AI...
[1;33m[WARNING][0m 前端 服务未运行 (PID文件不存在)
[1;33m[WARNING][0m 后端 服务未运行 (PID文件不存在)
[0;32m[SUCCESS][0m DataInsight AI 已停止
[0;34m[2025-12-05 13:02:36][0m 开始启动 DataInsight AI...
[0;34m[2025-12-05 13:02:36][0m 启动后端服务...
[0;31m[ERROR][0m 端口 8000 已被占用，后端服务启动失败
[0;31m[ERROR][0m 后端服务启动失败，停止启动流程
[0;34m[2025-12-05 13:08:47][0m 开始启动 DataInsight AI...
[0;34m[2025-12-05 13:08:47][0m 启动后端服务...
[0;31m[ERROR][0m 端口 8000 已被占用，后端服务启动失败
[0;31m[ERROR][0m 后端服务启动失败，停止启动流程
[0;34m[2025-12-05 13:08:57][0m 开始停止 DataInsight AI...
[1;33m[WARNING][0m 前端 服务未运行 (PID文件不存在)
[1;33m[WARNING][0m 后端 服务未运行 (PID文件不存在)
[0;32m[SUCCESS][0m DataInsight AI 已停止
[0;34m[2025-12-05 13:09:03][0m 开始启动 DataInsight AI...
[0;34m[2025-12-05 13:09:03][0m 启动后端服务...
[0;31m[ERROR][0m 端口 8000 已被占用，后端服务启动失败
[0;31m[ERROR][0m 后端服务启动失败，停止启动流程
[0;34m[2025-12-05 13:36:00][0m 开始停止 DataInsight AI...
[1;33m[WARNING][0m 前端 服务未运行 (PID文件不存在)
[1;33m[WARNING][0m 后端 服务未运行 (PID文件不存在)
[0;32m[SUCCESS][0m DataInsight AI 已停止
[0;34m[2025-12-05 13:38:00][0m 开始停止 DataInsight AI...
[1;33m[WARNING][0m 前端 服务未运行，清理无效的PID文件
[1;33m[WARNING][0m 后端 服务未运行，清理无效的PID文件
[0;32m[SUCCESS][0m DataInsight AI 已停止
[0;34m[2025-12-05 13:41:18][0m 开始停止 DataInsight AI...
[1;33m[WARNING][0m 前端 服务未运行 (PID文件不存在)
[1;33m[WARNING][0m 后端 服务未运行 (PID文件不存在)
[0;32m[SUCCESS][0m DataInsight AI 已停止
[0;34m[2025-12-05 13:43:05][0m 开始启动 DataInsight AI...
[0;34m[2025-12-05 13:43:05][0m 启动后端服务...
[0;32m[SUCCESS][0m 后端服务启动成功 (PID: 31630, 端口: 8000)
[0;34m[2025-12-05 13:43:08][0m 启动前端服务...
[0;31m[ERROR][0m 端口 5173 已被占用，前端服务启动失败
[0;31m[ERROR][0m 前端服务启动失败，停止后端服务
[0;34m[2025-12-05 13:43:08][0m 停止 后端 服务 (PID: 31630)...
[0;32m[SUCCESS][0m 后端 服务已停止
[0;34m[2025-12-05 14:07:38][0m 开始启动 DataInsight AI...
[0;34m[2025-12-05 14:07:38][0m 启动后端服务...
[0;32m[SUCCESS][0m 后端服务启动成功 (PID: 38403, 端口: 8000)
[0;34m[2025-12-05 14:07:42][0m 启动前端服务...
[0;32m[SUCCESS][0m 前端服务启动成功 (PID: 39642, 端口: 5173)
[0;32m[SUCCESS][0m DataInsight AI 启动完成!
[0;34m[2025-12-05 14:19:08][0m 开始停止 DataInsight AI...
[0;34m[2025-12-05 14:19:08][0m 停止 前端 服务 (PID: 39642)...
[0;32m[SUCCESS][0m 前端 服务已停止
[0;34m[2025-12-05 14:19:10][0m 停止 后端 服务 (PID: 38403)...
[0;32m[SUCCESS][0m 后端 服务已停止
[0;32m[SUCCESS][0m DataInsight AI 已停止
[0;34m[2025-12-05 14:19:18][0m 开始启动 DataInsight AI...
[0;34m[2025-12-05 14:19:18][0m 启动后端服务...
[0;32m[SUCCESS][0m 后端服务启动成功 (PID: 45575, 端口: 8000)
[0;34m[2025-12-05 14:19:21][0m 启动前端服务...
[0;31m[ERROR][0m 端口 5173 已被占用，前端服务启动失败
[0;31m[ERROR][0m 前端服务启动失败，停止后端服务
[0;34m[2025-12-05 14:19:22][0m 停止 后端 服务 (PID: 45575)...
[0;32m[SUCCESS][0m 后端 服务已停止
[0;34m[2025-12-05 14:23:36][0m 开始停止 DataInsight AI...
[1;33m[WARNING][0m 前端 服务未运行 (PID文件不存在)
[1;33m[WARNING][0m 后端 服务未运行 (PID文件不存在)
[0;32m[SUCCESS][0m DataInsight AI 已停止
[0;34m[2025-12-05 14:24:22][0m 开始停止 DataInsight AI...
[1;33m[WARNING][0m 前端 服务未运行 (PID文件不存在)
[1;33m[WARNING][0m 后端 服务未运行 (PID文件不存在)
[0;32m[SUCCESS][0m DataInsight AI 已停止
[0;34m[2025-12-05 14:28:07][0m 开始停止 DataInsight AI...
[1;33m[WARNING][0m 前端 服务未运行 (PID文件不存在)
[1;33m[WARNING][0m 后端 服务未运行 (PID文件不存在)
[0;32m[SUCCESS][0m DataInsight AI 已停止
[0;34m[2025-12-05 14:29:09][0m 开始启动 DataInsight AI...
[0;34m[2025-12-05 14:29:09][0m 启动后端服务...
[0;32m[SUCCESS][0m 后端服务启动成功 (PID: 48543, 端口: 8000)
[0;34m[2025-12-05 14:29:12][0m 启动前端服务...
[0;32m[SUCCESS][0m 前端服务启动成功 (PID: 48655, 端口: 5173)
[0;32m[SUCCESS][0m DataInsight AI 启动完成!
[0;34m[2025-12-05 14:29:38][0m 开始停止 DataInsight AI...
[0;34m[2025-12-05 14:29:38][0m 停止 前端 服务 (PID: 48655)...
[0;32m[SUCCESS][0m 前端 服务已停止
[0;32m[SUCCESS][0m 已杀掉占用端口 5173 的进程
[0;32m[SUCCESS][0m 已杀掉占用端口 8000 的进程
[1;33m[WARNING][0m 后端 服务未运行，清理无效的PID文件
[0;32m[SUCCESS][0m DataInsight AI 已停止
[0;34m[2025-12-05 14:30:00][0m 开始启动 DataInsight AI...
[0;34m[2025-12-05 14:30:00][0m 启动后端服务...
[0;32m[SUCCESS][0m 后端服务启动成功 (PID: 49087, 端口: 8000)
[0;34m[2025-12-05 14:30:03][0m 启动前端服务...
[0;32m[SUCCESS][0m 前端服务启动成功 (PID: 49176, 端口: 5173)
[0;32m[SUCCESS][0m DataInsight AI 启动完成!
[0;34m[2025-12-05 14:31:11][0m 开始停止 DataInsight AI...
[0;34m[2025-12-05 14:31:11][0m 停止 前端 服务 (PID: 49176)...
[0;32m[SUCCESS][0m 前端 服务已停止
[0;32m[SUCCESS][0m 已杀掉占用端口 5173 的进程
[0;32m[SUCCESS][0m 已杀掉占用端口 8000 的进程
[1;33m[WARNING][0m 后端 服务未运行，清理无效的PID文件
[0;32m[SUCCESS][0m DataInsight AI 已停止
[0;34m[2025-12-05 14:39:48][0m 开始启动 DataInsight AI...
[0;34m[2025-12-05 14:39:48][0m 启动后端服务...
[0;32m[SUCCESS][0m 后端服务启动成功 (PID: 51880, 端口: 8000)
[0;34m[2025-12-05 14:39:51][0m 启动前端服务...
[0;32m[SUCCESS][0m 前端服务启动成功 (PID: 51997, 端口: 5173)
[0;32m[SUCCESS][0m DataInsight AI 启动完成!
[0;34m[2025-12-05 14:56:17][0m 开始停止 DataInsight AI...
[0;34m[2025-12-05 14:56:17][0m 停止 前端 服务 (PID: 51997)...
[0;32m[SUCCESS][0m 前端 服务已停止
[0;34m[2025-12-05 14:56:19][0m 找到占用前端端口 5173 的进程: 52014
[0;32m[SUCCESS][0m 已杀掉占用端口 5173 的进程
[0;34m[2025-12-05 14:56:19][0m 找到占用后端端口 8000 的进程: 1884
51880
[0;32m[SUCCESS][0m 已杀掉占用端口 8000 的进程
[1;33m[WARNING][0m 后端 服务未运行，清理无效的PID文件
[0;32m[SUCCESS][0m DataInsight AI 已停止
[0;34m[2025-12-05 14:57:52][0m 开始启动 DataInsight AI...
[0;34m[2025-12-05 14:57:52][0m 启动后端服务...
[0;32m[SUCCESS][0m 后端服务启动成功 (PID: 57216, 端口: 8000)
[0;34m[2025-12-05 14:57:56][0m 启动前端服务...
[0;32m[SUCCESS][0m 前端服务启动成功 (PID: 57273, 端口: 5173)
[0;32m[SUCCESS][0m DataInsight AI 启动完成!
[0;34m[2025-12-05 15:25:23][0m 重启 DataInsight AI...
[0;34m[2025-12-05 15:25:23][0m 开始停止 DataInsight AI...
[0;34m[2025-12-05 15:25:23][0m 停止 前端 服务 (PID: 57273)...
[0;32m[SUCCESS][0m 前端 服务已停止
[0;34m[2025-12-05 15:25:25][0m 找到占用前端端口 5173 的进程: 57286
[0;32m[SUCCESS][0m 已杀掉占用端口 5173 的进程
[0;34m[2025-12-05 15:25:25][0m 找到占用后端端口 8000 的进程: 57216
66435
[0;32m[SUCCESS][0m 已杀掉占用端口 8000 的进程
[1;33m[WARNING][0m 后端 服务未运行，清理无效的PID文件
[0;32m[SUCCESS][0m DataInsight AI 已停止
[0;34m[2025-12-05 15:25:28][0m 开始启动 DataInsight AI...
[0;34m[2025-12-05 15:25:28][0m 启动后端服务...
[0;32m[SUCCESS][0m 后端服务启动成功 (PID: 66606, 端口: 8000)
[0;34m[2025-12-05 15:25:31][0m 启动前端服务...
[0;32m[SUCCESS][0m 前端服务启动成功 (PID: 66679, 端口: 5173)
[0;32m[SUCCESS][0m DataInsight AI 启动完成!
[0;34m[2025-12-05 15:35:40][0m 重启 DataInsight AI...
[0;34m[2025-12-05 15:35:40][0m 开始停止 DataInsight AI...
[0;34m[2025-12-05 15:35:40][0m 停止 前端 服务 (PID: 66679)...
[0;32m[SUCCESS][0m 前端 服务已停止
[0;34m[2025-12-05 15:35:42][0m 找到占用前端端口 5173 的进程: 66692
[0;32m[SUCCESS][0m 已杀掉占用端口 5173 的进程
[0;34m[2025-12-05 15:35:42][0m 找到占用后端端口 8000 的进程: 66606
67748
[0;32m[SUCCESS][0m 已杀掉占用端口 8000 的进程
[1;33m[WARNING][0m 后端 服务未运行，清理无效的PID文件
[0;32m[SUCCESS][0m DataInsight AI 已停止
[0;34m[2025-12-05 15:35:45][0m 开始启动 DataInsight AI...
[0;34m[2025-12-05 15:35:45][0m 启动后端服务...
[0;32m[SUCCESS][0m 后端服务启动成功 (PID: 69247, 端口: 8000)
[0;34m[2025-12-05 15:35:48][0m 启动前端服务...
[0;32m[SUCCESS][0m 前端服务启动成功 (PID: 69335, 端口: 5173)
[0;32m[SUCCESS][0m DataInsight AI 启动完成!
[0;34m[2025-12-05 16:04:03][0m 重启 DataInsight AI...
[0;34m[2025-12-05 16:04:03][0m 开始停止 DataInsight AI...
[0;34m[2025-12-05 16:04:03][0m 停止 前端 服务 (PID: 69335)...
[0;32m[SUCCESS][0m 前端 服务已停止
[0;34m[2025-12-05 16:04:05][0m 找到占用前端端口 5173 的进程: 69354
[0;32m[SUCCESS][0m 已杀掉占用端口 5173 的进程
[0;34m[2025-12-05 16:04:05][0m 找到占用后端端口 8000 的进程: 69247
76851
[0;32m[SUCCESS][0m 已杀掉占用端口 8000 的进程
[1;33m[WARNING][0m 后端 服务未运行，清理无效的PID文件
[0;32m[SUCCESS][0m DataInsight AI 已停止
[0;34m[2025-12-05 16:04:07][0m 开始启动 DataInsight AI...
[0;34m[2025-12-05 16:04:07][0m 启动后端服务...
[0;32m[SUCCESS][0m 后端服务启动成功 (PID: 77056, 端口: 8000)
[0;34m[2025-12-05 16:04:11][0m 启动前端服务...
[0;32m[SUCCESS][0m 前端服务启动成功 (PID: 77146, 端口: 5173)
[0;32m[SUCCESS][0m DataInsight AI 启动完成!
[0;34m[2025-12-05 16:26:18][0m 重启 DataInsight AI...
[0;34m[2025-12-05 16:26:18][0m 开始停止 DataInsight AI...
[0;34m[2025-12-05 16:26:18][0m 停止 前端 服务 (PID: 77146)...
[0;32m[SUCCESS][0m 前端 服务已停止
[0;34m[2025-12-05 16:26:20][0m 找到占用前端端口 5173 的进程: 77159
[0;32m[SUCCESS][0m 已杀掉占用端口 5173 的进程
[0;34m[2025-12-05 16:26:20][0m 找到占用后端端口 8000 的进程: 57942
77056
77059
[0;32m[SUCCESS][0m 已杀掉占用端口 8000 的进程
[1;33m[WARNING][0m 后端 服务未运行，清理无效的PID文件
[0;32m[SUCCESS][0m DataInsight AI 已停止
[0;34m[2025-12-05 16:26:22][0m 开始启动 DataInsight AI...
[0;34m[2025-12-05 16:26:22][0m 启动后端服务...
[0;34m[2025-12-05 16:27:25][0m 开始停止 DataInsight AI...
[1;33m[WARNING][0m 前端 服务未运行 (PID文件不存在)
[0;34m[2025-12-05 16:27:25][0m 找到占用后端端口 8000 的进程: 81965
81968
[0;32m[SUCCESS][0m 已杀掉占用端口 8000 的进程
[1;33m[WARNING][0m 后端 服务未运行，清理无效的PID文件
[0;32m[SUCCESS][0m DataInsight AI 已停止
[0;34m[2025-12-05 16:27:35][0m 开始启动 DataInsight AI...
[0;34m[2025-12-05 16:27:35][0m 启动后端服务...
[0;32m[SUCCESS][0m 后端服务启动成功 (PID: 83174, 端口: 8000)
[0;34m[2025-12-05 16:27:38][0m 启动前端服务...
[0;32m[SUCCESS][0m 前端服务启动成功 (PID: 83267, 端口: 5173)
[0;32m[SUCCESS][0m DataInsight AI 启动完成!
[0;34m[2025-12-05 16:44:23][0m 重启 DataInsight AI...
[0;34m[2025-12-05 16:44:23][0m 开始停止 DataInsight AI...
[0;34m[2025-12-05 16:44:23][0m 停止 前端 服务 (PID: 83267)...
[0;32m[SUCCESS][0m 前端 服务已停止
[0;34m[2025-12-05 16:44:25][0m 找到占用前端端口 5173 的进程: 83280
[0;32m[SUCCESS][0m 已杀掉占用端口 5173 的进程
[0;34m[2025-12-05 16:44:25][0m 找到占用后端端口 8000 的进程: 83174
83177
[0;32m[SUCCESS][0m 已杀掉占用端口 8000 的进程
[1;33m[WARNING][0m 后端 服务未运行，清理无效的PID文件
[0;32m[SUCCESS][0m DataInsight AI 已停止
[0;34m[2025-12-05 16:44:28][0m 开始启动 DataInsight AI...
[0;34m[2025-12-05 16:44:28][0m 启动后端服务...
[0;32m[SUCCESS][0m 后端服务启动成功 (PID: 86858, 端口: 8000)
[0;34m[2025-12-05 16:44:31][0m 启动前端服务...
[0;32m[SUCCESS][0m 前端服务启动成功 (PID: 86946, 端口: 5173)
[0;32m[SUCCESS][0m DataInsight AI 启动完成!
[0;34m[2025-12-05 16:58:06][0m 开始停止 DataInsight AI...
[0;34m[2025-12-05 16:58:06][0m 停止 前端 服务 (PID: 86946)...
[0;32m[SUCCESS][0m 前端 服务已停止
[0;34m[2025-12-05 16:58:08][0m 找到占用前端端口 5173 的进程: 86959
[0;32m[SUCCESS][0m 已杀掉占用端口 5173 的进程
[0;34m[2025-12-05 16:58:08][0m 找到占用后端端口 8000 的进程: 86858
90095
[0;32m[SUCCESS][0m 已杀掉占用端口 8000 的进程
[1;33m[WARNING][0m 后端 服务未运行，清理无效的PID文件
[0;32m[SUCCESS][0m DataInsight AI 已停止
[0;34m[2025-12-05 16:58:13][0m 开始启动 DataInsight AI...
[0;34m[2025-12-05 16:58:13][0m 启动后端服务...
[0;32m[SUCCESS][0m 后端服务启动成功 (PID: 90361, 端口: 8000)
[0;34m[2025-12-05 16:58:16][0m 启动前端服务...
[0;32m[SUCCESS][0m 前端服务启动成功 (PID: 90446, 端口: 5173)
[0;32m[SUCCESS][0m DataInsight AI 启动完成!
[0;34m[2025-12-05 17:03:25][0m 开始停止 DataInsight AI...
[0;34m[2025-12-05 17:03:25][0m 停止 前端 服务 (PID: 90446)...
[0;32m[SUCCESS][0m 前端 服务已停止
[0;34m[2025-12-05 17:03:27][0m 找到占用前端端口 5173 的进程: 90459
[0;32m[SUCCESS][0m 已杀掉占用端口 5173 的进程
[0;34m[2025-12-05 17:03:27][0m 找到占用后端端口 8000 的进程: 90361
91777
[0;32m[SUCCESS][0m 已杀掉占用端口 8000 的进程
[1;33m[WARNING][0m 后端 服务未运行，清理无效的PID文件
[0;32m[SUCCESS][0m DataInsight AI 已停止
[0;34m[2025-12-05 17:06:26][0m 开始启动 DataInsight AI...
[0;34m[2025-12-05 17:06:26][0m 启动后端服务...
[0;32m[SUCCESS][0m 后端服务启动成功 (PID: 93078, 端口: 8000)
[0;34m[2025-12-05 17:06:29][0m 启动前端服务...
[0;32m[SUCCESS][0m 前端服务启动成功 (PID: 93168, 端口: 5173)
[0;32m[SUCCESS][0m DataInsight AI 启动完成!
[0;34m[2025-12-05 17:10:06][0m 开始停止 DataInsight AI...
[0;34m[2025-12-05 17:10:06][0m 停止 前端 服务 (PID: 93168)...
[0;32m[SUCCESS][0m 前端 服务已停止
[0;34m[2025-12-05 17:10:08][0m 找到占用前端端口 5173 的进程: 93181
[0;32m[SUCCESS][0m 已杀掉占用端口 5173 的进程
[0;34m[2025-12-05 17:10:08][0m 找到占用后端端口 8000 的进程: 93078
94095
[0;32m[SUCCESS][0m 已杀掉占用端口 8000 的进程
[1;33m[WARNING][0m 后端 服务未运行，清理无效的PID文件
[0;32m[SUCCESS][0m DataInsight AI 已停止
[0;34m[2025-12-05 17:10:11][0m 开始启动 DataInsight AI...
[0;34m[2025-12-05 17:10:12][0m 启动后端服务...
[0;32m[SUCCESS][0m 后端服务启动成功 (PID: 94434, 端口: 8000)
[0;34m[2025-12-05 17:10:15][0m 启动前端服务...
[0;32m[SUCCESS][0m 前端服务启动成功 (PID: 94525, 端口: 5173)
[0;32m[SUCCESS][0m DataInsight AI 启动完成!
[0;34m[2025-12-08 13:07:25][0m 开始启动 DataInsight AI...
[0;34m[2025-12-08 13:07:25][0m 启动后端服务...
[0;32m[SUCCESS][0m 后端服务启动成功 (PID: 43476, 端口: 8000)
[0;34m[2025-12-08 13:07:28][0m 启动前端服务...
[0;31m[ERROR][0m 前端服务启动失败，请检查日志文件: /home/reslack/opt/github/datainsight-ai/log/frontend.log
[0;31m[ERROR][0m 前端服务启动失败，停止后端服务
[0;34m[2025-12-08 13:07:33][0m 停止 后端 服务 (PID: 43476)...
[0;32m[SUCCESS][0m 后端 服务已停止
[0;34m[2025-12-08 13:08:56][0m 开始停止 DataInsight AI...
[0;34m[2025-12-08 13:08:56][0m 停止 前端 服务 (PID: 43537)...
[0;32m[SUCCESS][0m 前端 服务已停止
[1;33m[WARNING][0m 后端 服务未运行 (PID文件不存在)
[0;32m[SUCCESS][0m DataInsight AI 已停止
[0;34m[2025-12-08 13:09:15][0m 开始启动 DataInsight AI...
[0;34m[2025-12-08 13:09:15][0m 启动后端服务...
[0;32m[SUCCESS][0m 后端服务启动成功 (PID: 44010, 端口: 8000)
[0;34m[2025-12-08 13:09:18][0m 启动前端服务...
[0;31m[ERROR][0m 前端服务启动失败，请检查日志文件: /home/reslack/opt/github/datainsight-ai/log/frontend.log
[0;31m[ERROR][0m 前端服务启动失败，停止后端服务
[0;34m[2025-12-08 13:09:23][0m 停止 后端 服务 (PID: 44010)...
[0;32m[SUCCESS][0m 后端 服务已停止
[0;34m[2025-12-08 14:20:23][0m 开始启动 DataInsight AI...
[0;34m[2025-12-08 14:20:23][0m 启动后端服务...
[0;31m[ERROR][0m 后端服务启动失败，请检查日志文件: /home/reslack/opt/github/datainsight-ai/log/backend.log
[0;31m[ERROR][0m 后端服务启动失败，停止启动流程
[0;34m[2025-12-08 14:21:53][0m 开始停止 DataInsight AI...
[1;33m[WARNING][0m 前端 服务未运行，清理无效的PID文件
[0;34m[2025-12-08 14:21:53][0m 停止 后端 服务 (PID: 2396)...
[0;32m[SUCCESS][0m 后端 服务已停止
[0;32m[SUCCESS][0m DataInsight AI 已停止
[0;34m[2025-12-08 14:22:24][0m 开始启动 DataInsight AI...
[0;34m[2025-12-08 14:22:24][0m 启动后端服务...
[0;31m[ERROR][0m 后端服务启动失败，请检查日志文件: /home/reslack/opt/github/datainsight-ai/log/backend.log
[0;31m[ERROR][0m 后端服务启动失败，停止启动流程
[0;34m[2025-12-08 14:23:22][0m 开始启动 DataInsight AI...
[0;34m[2025-12-08 14:23:22][0m 启动后端服务...
[1;33m[WARNING][0m 后端服务已经在运行 (PID: 3285)
[0;34m[2025-12-08 14:23:22][0m 启动前端服务...
[0;31m[ERROR][0m 前端服务启动失败，请检查日志文件: /home/reslack/opt/github/datainsight-ai/log/frontend.log
[0;31m[ERROR][0m 前端服务启动失败，停止后端服务
[0;34m[2025-12-08 14:23:27][0m 停止 后端 服务 (PID: 3285)...
[0;32m[SUCCESS][0m 后端 服务已停止
[0;34m[2025-12-08 14:25:06][0m 开始启动 DataInsight AI...
[0;34m[2025-12-08 14:25:06][0m 启动后端服务...
[0;32m[SUCCESS][0m 后端服务启动成功 (PID: 4631, 端口: 8000)
[0;34m[2025-12-08 14:25:09][0m 启动前端服务...
[0;31m[ERROR][0m 前端服务启动失败，请检查日志文件: /home/reslack/opt/github/datainsight-ai/log/frontend.log
[0;31m[ERROR][0m 前端服务启动失败，停止后端服务
[0;34m[2025-12-08 14:25:15][0m 停止 后端 服务 (PID: 4631)...
[0;32m[SUCCESS][0m 后端 服务已停止
[0;34m[2025-12-08 14:26:07][0m 开始启动 DataInsight AI...
[0;34m[2025-12-08 14:26:07][0m 启动后端服务...
[0;32m[SUCCESS][0m 后端服务启动成功 (PID: 5163, 端口: 8000)
[0;34m[2025-12-08 14:26:10][0m 启动前端服务...
[0;31m[ERROR][0m 端口 5174 已被占用，前端服务启动失败
[0;31m[ERROR][0m 前端服务启动失败，停止后端服务
[0;34m[2025-12-08 14:26:10][0m 停止 后端 服务 (PID: 5163)...
[0;32m[SUCCESS][0m 后端 服务已停止
[0;34m[2025-12-08 14:26:12][0m 找到占用前端端口 5174 的进程: 4795
[0;32m[SUCCESS][0m 已杀掉占用端口 5174 的进程
[0;34m[2025-12-08 14:26:45][0m 开始启动 DataInsight AI...
[0;34m[2025-12-08 14:26:45][0m 启动后端服务...
[0;32m[SUCCESS][0m 后端服务启动成功 (PID: 5554, 端口: 8000)
[0;34m[2025-12-08 14:26:49][0m 启动前端服务...
[0;32m[SUCCESS][0m 前端服务启动成功 (PID: 5665, 端口: 5174)
[0;32m[SUCCESS][0m DataInsight AI 启动完成!
[0;34m[2025-12-08 15:36:35][0m 开始停止 DataInsight AI...
[0;34m[2025-12-08 15:36:35][0m 停止 前端 服务 (PID: 5665)...
[0;32m[SUCCESS][0m 前端 服务已停止
[0;34m[2025-12-08 15:36:37][0m 找到占用前端端口 5174 的进程: 5702
[0;32m[SUCCESS][0m 已杀掉占用端口 5174 的进程
[0;34m[2025-12-08 15:36:37][0m 找到占用后端端口 8000 的进程: 5554
[0;32m[SUCCESS][0m 已杀掉占用端口 8000 的进程
[1;33m[WARNING][0m 后端 服务未运行，清理无效的PID文件
[0;32m[SUCCESS][0m DataInsight AI 已停止
[0;34m[2025-12-08 15:36:45][0m 开始启动 DataInsight AI...
[0;34m[2025-12-08 15:36:45][0m 启动后端服务...
[0;31m[ERROR][0m 后端服务启动失败，请检查日志文件: /home/reslack/opt/github/datainsight-ai/log/backend.log
[0;31m[ERROR][0m 后端服务启动失败，停止启动流程
[0;34m[2025-12-08 17:01:02][0m 开始停止 DataInsight AI...
[1;33m[WARNING][0m 前端 服务未运行 (PID文件不存在)
[0;34m[2025-12-08 17:01:02][0m 找到占用后端端口 8000 的进程: 36888
[0;32m[SUCCESS][0m 已杀掉占用端口 8000 的进程
[0;34m[2025-12-08 17:01:02][0m 停止 后端 服务 (PID: 19927)...
[0;32m[SUCCESS][0m 后端 服务已停止
[0;32m[SUCCESS][0m DataInsight AI 已停止
[0;34m[2025-12-08 17:03:44][0m 开始停止 DataInsight AI...
[1;33m[WARNING][0m 前端 服务未运行 (PID文件不存在)
[0;34m[2025-12-08 17:03:44][0m 找到占用后端端口 8000 的进程: 39838
40415
[0;32m[SUCCESS][0m 已杀掉占用端口 8000 的进程
[1;33m[WARNING][0m 后端 服务未运行 (PID文件不存在)
[0;32m[SUCCESS][0m DataInsight AI 已停止
[0;34m[2025-12-09 14:18:20][0m 开始启动 DataInsight AI...
[0;34m[2025-12-09 14:18:20][0m 启动后端服务...
[0;31m[ERROR][0m 端口 8000 已被占用，后端服务启动失败
[0;31m[ERROR][0m 后端服务启动失败，停止启动流程
[0;34m[2025-12-09 14:18:32][0m 开始停止 DataInsight AI...
[1;33m[WARNING][0m 前端 服务未运行 (PID文件不存在)
[0;34m[2025-12-09 14:18:32][0m 找到占用后端端口 8000 的进程: 41064
[0;32m[SUCCESS][0m 已杀掉占用端口 8000 的进程
[1;33m[WARNING][0m 后端 服务未运行 (PID文件不存在)
[0;32m[SUCCESS][0m DataInsight AI 已停止
[0;34m[2025-12-09 14:18:40][0m 开始启动 DataInsight AI...
[0;34m[2025-12-09 14:18:40][0m 启动后端服务...
[0;31m[ERROR][0m 后端服务启动失败，请检查日志文件: /home/reslack/opt/github/datainsight-ai/log/backend.log
[0;31m[ERROR][0m 后端服务启动失败，停止启动流程
[0;34m[2025-12-09 14:23:38][0m 开始停止 DataInsight AI...
[1;33m[WARNING][0m 前端 服务未运行 (PID文件不存在)
[0;34m[2025-12-09 14:23:38][0m 停止 后端 服务 (PID: 290431)...
[0;32m[SUCCESS][0m 后端 服务已停止
[0;32m[SUCCESS][0m DataInsight AI 已停止
[0;34m[2025-12-09 14:23:44][0m 开始启动 DataInsight AI...
[0;34m[2025-12-09 14:23:44][0m 启动后端服务...
[0;31m[ERROR][0m 后端服务启动失败，请检查日志文件: /home/reslack/opt/github/datainsight-ai/log/backend.log
[0;31m[ERROR][0m 后端服务启动失败，停止启动流程
[0;34m[2025-12-09 14:25:32][0m 开始启动 DataInsight AI...
[0;34m[2025-12-09 14:25:32][0m 启动后端服务...
[0;31m[ERROR][0m 后端服务启动失败，请检查日志文件: /home/reslack/opt/github/datainsight-ai/log/backend.log
[0;31m[ERROR][0m 后端服务启动失败，停止启动流程
