INFO:     Will watch for changes in these directories: ['/home/reslack/opt/github/datainsight-ai/backend']
INFO:     Uvicorn running on http://0.0.0.0:8000 (Press CTRL+C to quit)
INFO:     Started reloader process [341945] using WatchFiles
Process SpawnProcess-1:
Traceback (most recent call last):
  File "/usr/lib/python3.10/multiprocessing/process.py", line 314, in _bootstrap
    self.run()
  File "/usr/lib/python3.10/multiprocessing/process.py", line 108, in run
    self._target(*self._args, **self._kwargs)
  File "/home/reslack/opt/github/datainsight-ai/.venv/lib/python3.10/site-packages/uvicorn/_subprocess.py", line 80, in subprocess_started
    target(sockets=sockets)
  File "/home/reslack/opt/github/datainsight-ai/.venv/lib/python3.10/site-packages/uvicorn/server.py", line 67, in run
    return asyncio_run(self.serve(sockets=sockets), loop_factory=self.config.get_loop_factory())
  File "/home/reslack/opt/github/datainsight-ai/.venv/lib/python3.10/site-packages/uvicorn/_compat.py", line 60, in asyncio_run
    return loop.run_until_complete(main)
  File "uvloop/loop.pyx", line 1518, in uvloop.loop.Loop.run_until_complete
  File "/home/reslack/opt/github/datainsight-ai/.venv/lib/python3.10/site-packages/uvicorn/server.py", line 71, in serve
    await self._serve(sockets)
  File "/home/reslack/opt/github/datainsight-ai/.venv/lib/python3.10/site-packages/uvicorn/server.py", line 78, in _serve
    config.load()
  File "/home/reslack/opt/github/datainsight-ai/.venv/lib/python3.10/site-packages/uvicorn/config.py", line 439, in load
    self.loaded_app = import_from_string(self.app)
  File "/home/reslack/opt/github/datainsight-ai/.venv/lib/python3.10/site-packages/uvicorn/importer.py", line 22, in import_from_string
    raise exc from None
  File "/home/reslack/opt/github/datainsight-ai/.venv/lib/python3.10/site-packages/uvicorn/importer.py", line 19, in import_from_string
    module = importlib.import_module(module_str)
  File "/usr/lib/python3.10/importlib/__init__.py", line 126, in import_module
    return _bootstrap._gcd_import(name[level:], package, level)
  File "<frozen importlib._bootstrap>", line 1050, in _gcd_import
  File "<frozen importlib._bootstrap>", line 1027, in _find_and_load
  File "<frozen importlib._bootstrap>", line 1006, in _find_and_load_unlocked
  File "<frozen importlib._bootstrap>", line 688, in _load_unlocked
  File "<frozen importlib._bootstrap_external>", line 883, in exec_module
  File "<frozen importlib._bootstrap>", line 241, in _call_with_frames_removed
  File "/home/reslack/opt/github/datainsight-ai/backend/app/main.py", line 4, in <module>
    from app.api.v1.nl2sql import router as nl2sql_router
  File "/home/reslack/opt/github/datainsight-ai/backend/app/api/v1/nl2sql.py", line 7, in <module>
    from app.core.schema_index import (
  File "/home/reslack/opt/github/datainsight-ai/backend/app/core/schema_index.py", line 17, in <module>
    from text2vec import SentenceModel
ModuleNotFoundError: No module named 'text2vec'
INFO:     Stopping reloader process [341945]
Œè¯·æ£€æŸ¥æ—¥å¿—æ–‡ä»¶: /home/reslack/opt/github/datainsight-ai/backend/../log/backend.log
[0;34m[2025-12-09 17:41:27][0m å¯åŠ¨åç«¯æœåŠ¡...
[1;33m[WARNING][0m åç«¯æœåŠ¡å·²ç»åœ¨è¿è¡Œ (PID: 341945)
[0;34m[2025-12-09 17:41:44][0m åœæ­¢åç«¯æœåŠ¡ (PID: 341945)...
[0;32m[SUCCESS][0m åç«¯æœåŠ¡å·²åœæ­¢
[1;33m[WARNING][0m åç«¯æœåŠ¡æœªè¿è¡Œ
[0;34m[2025-12-09 17:52:55][0m æ¸…ç†å ç”¨ç«¯å£ 8000 çš„è¿›ç¨‹: 342626
345478
[1;33m[WARNING][0m åç«¯æœåŠ¡æœªè¿è¡Œ
[0;34m[2025-12-09 17:57:15][0m æ¸…ç†å ç”¨ç«¯å£ 8000 çš„è¿›ç¨‹: 346825
347626
[1;33m[WARNING][0m åç«¯æœåŠ¡æœªè¿è¡Œ
